# JRE version: Java(TM) SE Runtime Environment (8.0_151-b12) (build 1.8.0_151-b12)
# Java VM: Java HotSpot(TM) 64-Bit Server VM (25.151-b12 mixed mode windows-amd64 compressed oops)
Heap:
 PSYoungGen      total 224768K, used 91385K [0x00000000d5f00000, 0x00000000e4500000, 0x0000000100000000)
  eden space 215552K, 42% used [0x00000000d5f00000,0x00000000db83e5c8,0x00000000e3180000)
  from space 9216K, 0% used [0x00000000e3b00000,0x00000000e3b00000,0x00000000e4400000)
  to   space 9728K, 0% used [0x00000000e3180000,0x00000000e3180000,0x00000000e3b00000)
 ParOldGen       total 66048K, used 19179K [0x0000000081c00000, 0x0000000085c80000, 0x00000000d5f00000)
  object space 66048K, 29% used [0x0000000081c00000,0x0000000082ebad00,0x0000000085c80000)
 Metaspace       used 37700K, capacity 41280K, committed 41344K, reserved 1085440K
  class space    used 5211K, capacity 5977K, committed 6016K, reserved 1048576K
GC Heap History (10 events):
Event: 4999.551 GC heap before
{Heap before GC invocations=43 (full 19):
 PSYoungGen      total 225792K, used 6687K [0x00000000d5f00000, 0x00000000e4500000, 0x0000000100000000)
  eden space 216064K, 0% used [0x00000000d5f00000,0x00000000d5f00000,0x00000000e3200000)
  from space 9728K, 68% used [0x00000000e3b80000,0x00000000e4207d50,0x00000000e4500000)
  to   space 9728K, 0% used [0x00000000e3200000,0x00000000e3200000,0x00000000e3b80000)
 ParOldGen       total 66048K, used 16588K [0x0000000081c00000, 0x0000000085c80000, 0x00000000d5f00000)
  object space 66048K, 25% used [0x0000000081c00000,0x0000000082c33088,0x0000000085c80000)
 Metaspace       used 37048K, capacity 40266K, committed 41088K, reserved 1085440K
  class space    used 5110K, capacity 5809K, committed 6016K, reserved 1048576K
Event: 4999.622 GC heap after
Heap after GC invocations=43 (full 19):
 PSYoungGen      total 225792K, used 0K [0x00000000d5f00000, 0x00000000e4500000, 0x0000000100000000)
  eden space 216064K, 0% used [0x00000000d5f00000,0x00000000d5f00000,0x00000000e3200000)
  from space 9728K, 0% used [0x00000000e3b80000,0x00000000e3b80000,0x00000000e4500000)
  to   space 9728K, 0% used [0x00000000e3200000,0x00000000e3200000,0x00000000e3b80000)
 ParOldGen       total 66048K, used 16624K [0x0000000081c00000, 0x0000000085c80000, 0x00000000d5f00000)
  object space 66048K, 25% used [0x0000000081c00000,0x0000000082c3c1b0,0x0000000085c80000)
 Metaspace       used 37045K, capacity 40260K, committed 41088K, reserved 1085440K
  class space    used 5109K, capacity 5807K, committed 6016K, reserved 1048576K
}
Event: 5032.373 GC heap before
{Heap before GC invocations=44 (full 19):
 PSYoungGen      total 225792K, used 98961K [0x00000000d5f00000, 0x00000000e4500000, 0x0000000100000000)
  eden space 216064K, 45% used [0x00000000d5f00000,0x00000000dbfa4718,0x00000000e3200000)
  from space 9728K, 0% used [0x00000000e3b80000,0x00000000e3b80000,0x00000000e4500000)
  to   space 9728K, 0% used [0x00000000e3200000,0x00000000e3200000,0x00000000e3b80000)
 ParOldGen       total 66048K, used 16624K [0x0000000081c00000, 0x0000000085c80000, 0x00000000d5f00000)
  object space 66048K, 25% used [0x0000000081c00000,0x0000000082c3c1b0,0x0000000085c80000)
 Metaspace       used 37263K, capacity 40696K, committed 41088K, reserved 1085440K
  class space    used 5147K, capacity 5890K, committed 6016K, reserved 1048576K
Event: 5032.379 GC heap after
Heap after GC invocations=44 (full 19):
 PSYoungGen      total 223232K, used 6705K [0x00000000d5f00000, 0x00000000e4400000, 0x0000000100000000)
  eden space 216064K, 0% used [0x00000000d5f00000,0x00000000d5f00000,0x00000000e3200000)
  from space 7168K, 93% used [0x00000000e3200000,0x00000000e388c648,0x00000000e3900000)
  to   space 9216K, 0% used [0x00000000e3b00000,0x00000000e3b00000,0x00000000e4400000)
 ParOldGen       total 66048K, used 16632K [0x0000000081c00000, 0x0000000085c80000, 0x00000000d5f00000)
  object space 66048K, 25% used [0x0000000081c00000,0x0000000082c3e1b0,0x0000000085c80000)
 Metaspace       used 37263K, capacity 40696K, committed 41088K, reserved 1085440K
  class space    used 5147K, capacity 5890K, committed 6016K, reserved 1048576K
}
Event: 5032.379 GC heap before
{Heap before GC invocations=45 (full 20):
 PSYoungGen      total 223232K, used 6705K [0x00000000d5f00000, 0x00000000e4400000, 0x0000000100000000)
  eden space 216064K, 0% used [0x00000000d5f00000,0x00000000d5f00000,0x00000000e3200000)
  from space 7168K, 93% used [0x00000000e3200000,0x00000000e388c648,0x00000000e3900000)
  to   space 9216K, 0% used [0x00000000e3b00000,0x00000000e3b00000,0x00000000e4400000)
 ParOldGen       total 66048K, used 16632K [0x0000000081c00000, 0x0000000085c80000, 0x00000000d5f00000)
  object space 66048K, 25% used [0x0000000081c00000,0x0000000082c3e1b0,0x0000000085c80000)
 Metaspace       used 37263K, capacity 40696K, committed 41088K, reserved 1085440K
  class space    used 5147K, capacity 5890K, committed 6016K, reserved 1048576K
Event: 5032.449 GC heap after
Heap after GC invocations=45 (full 20):
 PSYoungGen      total 223232K, used 0K [0x00000000d5f00000, 0x00000000e4400000, 0x0000000100000000)
  eden space 216064K, 0% used [0x00000000d5f00000,0x00000000d5f00000,0x00000000e3200000)
  from space 7168K, 0% used [0x00000000e3200000,0x00000000e3200000,0x00000000e3900000)
  to   space 9216K, 0% used [0x00000000e3b00000,0x00000000e3b00000,0x00000000e4400000)
 ParOldGen       total 66048K, used 16725K [0x0000000081c00000, 0x0000000085c80000, 0x00000000d5f00000)
  object space 66048K, 25% used [0x0000000081c00000,0x0000000082c556b0,0x0000000085c80000)
 Metaspace       used 37261K, capacity 40690K, committed 41088K, reserved 1085440K
  class space    used 5146K, capacity 5888K, committed 6016K, reserved 1048576K
}
Event: 5127.656 GC heap before
{Heap before GC invocations=46 (full 20):
 PSYoungGen      total 223232K, used 166363K [0x00000000d5f00000, 0x00000000e4400000, 0x0000000100000000)
  eden space 216064K, 76% used [0x00000000d5f00000,0x00000000e0176d20,0x00000000e3200000)
  from space 7168K, 0% used [0x00000000e3200000,0x00000000e3200000,0x00000000e3900000)
  to   space 9216K, 0% used [0x00000000e3b00000,0x00000000e3b00000,0x00000000e4400000)
 ParOldGen       total 66048K, used 16725K [0x0000000081c00000, 0x0000000085c80000, 0x00000000d5f00000)
  object space 66048K, 25% used [0x0000000081c00000,0x0000000082c556b0,0x0000000085c80000)
 Metaspace       used 37592K, capacity 41106K, committed 41344K, reserved 1085440K
  class space    used 5196K, capacity 5939K, committed 6016K, reserved 1048576K
Event: 5127.664 GC heap after
Heap after GC invocations=46 (full 20):
 PSYoungGen      total 224768K, used 9152K [0x00000000d5f00000, 0x00000000e4500000, 0x0000000100000000)
  eden space 215552K, 0% used [0x00000000d5f00000,0x00000000d5f00000,0x00000000e3180000)
  from space 9216K, 99% used [0x00000000e3b00000,0x00000000e43f01d0,0x00000000e4400000)
  to   space 9728K, 0% used [0x00000000e3180000,0x00000000e3180000,0x00000000e3b00000)
 ParOldGen       total 66048K, used 16733K [0x0000000081c00000, 0x0000000085c80000, 0x00000000d5f00000)
  object space 66048K, 25% used [0x0000000081c00000,0x0000000082c576b0,0x0000000085c80000)
 Metaspace       used 37592K, capacity 41106K, committed 41344K, reserved 1085440K
  class space    used 5196K, capacity 5939K, committed 6016K, reserved 1048576K
}
Event: 5127.664 GC heap before
{Heap before GC invocations=47 (full 21):
 PSYoungGen      total 224768K, used 9152K [0x00000000d5f00000, 0x00000000e4500000, 0x0000000100000000)
  eden space 215552K, 0% used [0x00000000d5f00000,0x00000000d5f00000,0x00000000e3180000)
  from space 9216K, 99% used [0x00000000e3b00000,0x00000000e43f01d0,0x00000000e4400000)
  to   space 9728K, 0% used [0x00000000e3180000,0x00000000e3180000,0x00000000e3b00000)
 ParOldGen       total 66048K, used 16733K [0x0000000081c00000, 0x0000000085c80000, 0x00000000d5f00000)
  object space 66048K, 25% used [0x0000000081c00000,0x0000000082c576b0,0x0000000085c80000)
 Metaspace       used 37592K, capacity 41106K, committed 41344K, reserved 1085440K
  class space    used 5196K, capacity 5939K, committed 6016K, reserved 1048576K
Event: 5127.772 GC heap after
Heap after GC invocations=47 (full 21):
 PSYoungGen      total 224768K, used 0K [0x00000000d5f00000, 0x00000000e4500000, 0x0000000100000000)
  eden space 215552K, 0% used [0x00000000d5f00000,0x00000000d5f00000,0x00000000e3180000)
  from space 9216K, 0% used [0x00000000e3b00000,0x00000000e3b00000,0x00000000e4400000)
  to   space 9728K, 0% used [0x00000000e3180000,0x00000000e3180000,0x00000000e3b00000)
 ParOldGen       total 66048K, used 19179K [0x0000000081c00000, 0x0000000085c80000, 0x00000000d5f00000)
  object space 66048K, 29% used [0x0000000081c00000,0x0000000082ebad00,0x0000000085c80000)
 Metaspace       used 37587K, capacity 41094K, committed 41344K, reserved 1085440K
  class space    used 5195K, capacity 5935K, committed 6016K, reserved 1048576K
}

